INFO:root:
Sequence: High Level Ordering of Strategies
| Sequence: STEAL STEAL STEAL
| | Check: enemy_sent_fleets
| | Action: steal
| | Action: steal_defend
| Sequence: Offensive Strategy
| | Check: have_largest_fleet
| | Action: attack_weakest_enemy_planet
| | Check: owns_most_planets
| | Action: have_most_troops

DEBUG:root:Executing:Sequence: High Level Ordering of Strategies
DEBUG:root:Executing:Sequence: STEAL STEAL STEAL
DEBUG:root:Executing:Check: enemy_sent_fleets
DEBUG:root:Result: Check: enemy_sent_fleets -> Failure
DEBUG:root:Result: Sequence: STEAL STEAL STEAL -> Failure
DEBUG:root:Result: Sequence: High Level Ordering of Strategies -> Failure
DEBUG:root:Finish turn

DEBUG:root:Executing:Sequence: High Level Ordering of Strategies
DEBUG:root:Executing:Sequence: STEAL STEAL STEAL
DEBUG:root:Executing:Check: enemy_sent_fleets
DEBUG:root:Result: Check: enemy_sent_fleets -> Success
DEBUG:root:Executing:Action: steal
DEBUG:root:Order:1 9 21.0
DEBUG:root:Result: Action: steal -> Success
DEBUG:root:Executing:Action: steal_defend
DEBUG:root:Result: Action: steal_defend -> Success
DEBUG:root:Result: Sequence: STEAL STEAL STEAL -> Success
DEBUG:root:Executing:Sequence: Offensive Strategy
DEBUG:root:Executing:Check: have_largest_fleet
DEBUG:root:Result: Check: have_largest_fleet -> Failure
DEBUG:root:Result: Sequence: Offensive Strategy -> Failure
DEBUG:root:Result: Sequence: High Level Ordering of Strategies -> Failure
DEBUG:root:Finish turn

DEBUG:root:Executing:Sequence: High Level Ordering of Strategies
DEBUG:root:Executing:Sequence: STEAL STEAL STEAL
DEBUG:root:Executing:Check: enemy_sent_fleets
DEBUG:root:Result: Check: enemy_sent_fleets -> Success
DEBUG:root:Executing:Action: steal
DEBUG:root:Order:1 11 17.0
DEBUG:root:Result: Action: steal -> Success
DEBUG:root:Executing:Action: steal_defend
DEBUG:root:Result: Action: steal_defend -> Success
DEBUG:root:Result: Sequence: STEAL STEAL STEAL -> Success
DEBUG:root:Executing:Sequence: Offensive Strategy
DEBUG:root:Executing:Check: have_largest_fleet
DEBUG:root:Result: Check: have_largest_fleet -> Failure
DEBUG:root:Result: Sequence: Offensive Strategy -> Failure
DEBUG:root:Result: Sequence: High Level Ordering of Strategies -> Failure
DEBUG:root:Finish turn

DEBUG:root:Executing:Sequence: High Level Ordering of Strategies
DEBUG:root:Executing:Sequence: STEAL STEAL STEAL
DEBUG:root:Executing:Check: enemy_sent_fleets
DEBUG:root:Result: Check: enemy_sent_fleets -> Success
DEBUG:root:Executing:Action: steal
DEBUG:root:Order:1 17 24.0
DEBUG:root:Result: Action: steal -> Success
DEBUG:root:Executing:Action: steal_defend
DEBUG:root:Result: Action: steal_defend -> Success
DEBUG:root:Result: Sequence: STEAL STEAL STEAL -> Success
DEBUG:root:Executing:Sequence: Offensive Strategy
DEBUG:root:Executing:Check: have_largest_fleet
DEBUG:root:Result: Check: have_largest_fleet -> Failure
DEBUG:root:Result: Sequence: Offensive Strategy -> Failure
DEBUG:root:Result: Sequence: High Level Ordering of Strategies -> Failure
DEBUG:root:Finish turn

DEBUG:root:Executing:Sequence: High Level Ordering of Strategies
DEBUG:root:Executing:Sequence: STEAL STEAL STEAL
DEBUG:root:Executing:Check: enemy_sent_fleets
DEBUG:root:Result: Check: enemy_sent_fleets -> Success
DEBUG:root:Executing:Action: steal
DEBUG:root:Result: Action: steal -> Success
DEBUG:root:Executing:Action: steal_defend
DEBUG:root:Result: Action: steal_defend -> Success
DEBUG:root:Result: Sequence: STEAL STEAL STEAL -> Success
DEBUG:root:Executing:Sequence: Offensive Strategy
DEBUG:root:Executing:Check: have_largest_fleet
DEBUG:root:Result: Check: have_largest_fleet -> Failure
DEBUG:root:Result: Sequence: Offensive Strategy -> Failure
DEBUG:root:Result: Sequence: High Level Ordering of Strategies -> Failure
DEBUG:root:Finish turn

DEBUG:root:Executing:Sequence: High Level Ordering of Strategies
DEBUG:root:Executing:Sequence: STEAL STEAL STEAL
DEBUG:root:Executing:Check: enemy_sent_fleets
DEBUG:root:Result: Check: enemy_sent_fleets -> Success
DEBUG:root:Executing:Action: steal
DEBUG:root:Result: Action: steal -> Success
DEBUG:root:Executing:Action: steal_defend
DEBUG:root:Result: Action: steal_defend -> Success
DEBUG:root:Result: Sequence: STEAL STEAL STEAL -> Success
DEBUG:root:Executing:Sequence: Offensive Strategy
DEBUG:root:Executing:Check: have_largest_fleet
DEBUG:root:Result: Check: have_largest_fleet -> Failure
DEBUG:root:Result: Sequence: Offensive Strategy -> Failure
DEBUG:root:Result: Sequence: High Level Ordering of Strategies -> Failure
DEBUG:root:Finish turn

DEBUG:root:Executing:Sequence: High Level Ordering of Strategies
DEBUG:root:Executing:Sequence: STEAL STEAL STEAL
DEBUG:root:Executing:Check: enemy_sent_fleets
DEBUG:root:Result: Check: enemy_sent_fleets -> Success
DEBUG:root:Executing:Action: steal
DEBUG:root:Result: Action: steal -> Success
DEBUG:root:Executing:Action: steal_defend
DEBUG:root:Result: Action: steal_defend -> Success
DEBUG:root:Result: Sequence: STEAL STEAL STEAL -> Success
DEBUG:root:Executing:Sequence: Offensive Strategy
DEBUG:root:Executing:Check: have_largest_fleet
DEBUG:root:Result: Check: have_largest_fleet -> Success
DEBUG:root:Executing:Action: attack_weakest_enemy_planet
DEBUG:root:Order:1 9 26.0
DEBUG:root:Result: Action: attack_weakest_enemy_planet -> Success
DEBUG:root:Executing:Check: owns_most_planets
DEBUG:root:Result: Check: owns_most_planets -> Failure
DEBUG:root:Result: Sequence: Offensive Strategy -> Failure
DEBUG:root:Result: Sequence: High Level Ordering of Strategies -> Failure
DEBUG:root:Finish turn

DEBUG:root:Executing:Sequence: High Level Ordering of Strategies
DEBUG:root:Executing:Sequence: STEAL STEAL STEAL
DEBUG:root:Executing:Check: enemy_sent_fleets
DEBUG:root:Result: Check: enemy_sent_fleets -> Success
DEBUG:root:Executing:Action: steal
DEBUG:root:Result: Action: steal -> Success
DEBUG:root:Executing:Action: steal_defend
DEBUG:root:Result: Action: steal_defend -> Success
DEBUG:root:Result: Sequence: STEAL STEAL STEAL -> Success
DEBUG:root:Executing:Sequence: Offensive Strategy
DEBUG:root:Executing:Check: have_largest_fleet
DEBUG:root:Result: Check: have_largest_fleet -> Success
DEBUG:root:Executing:Action: attack_weakest_enemy_planet
DEBUG:root:Order:1 9 27.0
DEBUG:root:Result: Action: attack_weakest_enemy_planet -> Success
DEBUG:root:Executing:Check: owns_most_planets
DEBUG:root:Result: Check: owns_most_planets -> Failure
DEBUG:root:Result: Sequence: Offensive Strategy -> Failure
DEBUG:root:Result: Sequence: High Level Ordering of Strategies -> Failure
DEBUG:root:Finish turn

DEBUG:root:Executing:Sequence: High Level Ordering of Strategies
DEBUG:root:Executing:Sequence: STEAL STEAL STEAL
DEBUG:root:Executing:Check: enemy_sent_fleets
DEBUG:root:Result: Check: enemy_sent_fleets -> Success
DEBUG:root:Executing:Action: steal
DEBUG:root:Order:1 12 7.0
DEBUG:root:Result: Action: steal -> Success
DEBUG:root:Executing:Action: steal_defend
DEBUG:root:Result: Action: steal_defend -> Success
DEBUG:root:Result: Sequence: STEAL STEAL STEAL -> Success
DEBUG:root:Executing:Sequence: Offensive Strategy
DEBUG:root:Executing:Check: have_largest_fleet
DEBUG:root:Result: Check: have_largest_fleet -> Success
DEBUG:root:Executing:Action: attack_weakest_enemy_planet
DEBUG:root:Bad order:1 18.0 28.0
DEBUG:root:Result: Action: attack_weakest_enemy_planet -> Success
DEBUG:root:Executing:Check: owns_most_planets
DEBUG:root:Result: Check: owns_most_planets -> Failure
DEBUG:root:Result: Sequence: Offensive Strategy -> Failure
DEBUG:root:Result: Sequence: High Level Ordering of Strategies -> Failure
DEBUG:root:Finish turn

DEBUG:root:Executing:Sequence: High Level Ordering of Strategies
DEBUG:root:Executing:Sequence: STEAL STEAL STEAL
DEBUG:root:Executing:Check: enemy_sent_fleets
DEBUG:root:Result: Check: enemy_sent_fleets -> Success
DEBUG:root:Executing:Action: steal
DEBUG:root:Result: Action: steal -> Success
DEBUG:root:Executing:Action: steal_defend
DEBUG:root:Result: Action: steal_defend -> Success
DEBUG:root:Result: Sequence: STEAL STEAL STEAL -> Success
DEBUG:root:Executing:Sequence: Offensive Strategy
DEBUG:root:Executing:Check: have_largest_fleet
DEBUG:root:Result: Check: have_largest_fleet -> Success
DEBUG:root:Executing:Action: attack_weakest_enemy_planet
DEBUG:root:Bad order:1 23.0 36.0
DEBUG:root:Result: Action: attack_weakest_enemy_planet -> Success
DEBUG:root:Executing:Check: owns_most_planets
DEBUG:root:Result: Check: owns_most_planets -> Failure
DEBUG:root:Result: Sequence: Offensive Strategy -> Failure
DEBUG:root:Result: Sequence: High Level Ordering of Strategies -> Failure
DEBUG:root:Finish turn

DEBUG:root:Executing:Sequence: High Level Ordering of Strategies
DEBUG:root:Executing:Sequence: STEAL STEAL STEAL
DEBUG:root:Executing:Check: enemy_sent_fleets
DEBUG:root:Result: Check: enemy_sent_fleets -> Success
DEBUG:root:Executing:Action: steal
DEBUG:root:Order:1 5 15.0
DEBUG:root:Result: Action: steal -> Success
DEBUG:root:Executing:Action: steal_defend
DEBUG:root:Result: Action: steal_defend -> Success
DEBUG:root:Result: Sequence: STEAL STEAL STEAL -> Success
DEBUG:root:Executing:Sequence: Offensive Strategy
DEBUG:root:Executing:Check: have_largest_fleet
DEBUG:root:Result: Check: have_largest_fleet -> Success
DEBUG:root:Executing:Action: attack_weakest_enemy_planet
DEBUG:root:Bad order:1 13.0 38.0
DEBUG:root:Result: Action: attack_weakest_enemy_planet -> Success
DEBUG:root:Executing:Check: owns_most_planets
DEBUG:root:Result: Check: owns_most_planets -> Failure
DEBUG:root:Result: Sequence: Offensive Strategy -> Failure
DEBUG:root:Result: Sequence: High Level Ordering of Strategies -> Failure
DEBUG:root:Finish turn

DEBUG:root:Executing:Sequence: High Level Ordering of Strategies
DEBUG:root:Executing:Sequence: STEAL STEAL STEAL
DEBUG:root:Executing:Check: enemy_sent_fleets
DEBUG:root:Result: Check: enemy_sent_fleets -> Success
DEBUG:root:Executing:Action: steal
DEBUG:root:Result: Action: steal -> Success
DEBUG:root:Executing:Action: steal_defend
DEBUG:root:Result: Action: steal_defend -> Success
DEBUG:root:Result: Sequence: STEAL STEAL STEAL -> Success
DEBUG:root:Executing:Sequence: Offensive Strategy
DEBUG:root:Executing:Check: have_largest_fleet
DEBUG:root:Result: Check: have_largest_fleet -> Success
DEBUG:root:Executing:Action: attack_weakest_enemy_planet
DEBUG:root:Bad order:1 18.0 40.0
DEBUG:root:Result: Action: attack_weakest_enemy_planet -> Success
DEBUG:root:Executing:Check: owns_most_planets
DEBUG:root:Result: Check: owns_most_planets -> Failure
DEBUG:root:Result: Sequence: Offensive Strategy -> Failure
DEBUG:root:Result: Sequence: High Level Ordering of Strategies -> Failure
DEBUG:root:Finish turn

DEBUG:root:Executing:Sequence: High Level Ordering of Strategies
DEBUG:root:Executing:Sequence: STEAL STEAL STEAL
DEBUG:root:Executing:Check: enemy_sent_fleets
DEBUG:root:Result: Check: enemy_sent_fleets -> Success
DEBUG:root:Executing:Action: steal
DEBUG:root:Result: Action: steal -> Success
DEBUG:root:Executing:Action: steal_defend
DEBUG:root:Result: Action: steal_defend -> Success
DEBUG:root:Result: Sequence: STEAL STEAL STEAL -> Success
DEBUG:root:Executing:Sequence: Offensive Strategy
DEBUG:root:Executing:Check: have_largest_fleet
DEBUG:root:Result: Check: have_largest_fleet -> Success
DEBUG:root:Executing:Action: attack_weakest_enemy_planet
DEBUG:root:Bad order:1 23.0 67.0
DEBUG:root:Result: Action: attack_weakest_enemy_planet -> Success
DEBUG:root:Executing:Check: owns_most_planets
DEBUG:root:Result: Check: owns_most_planets -> Failure
DEBUG:root:Result: Sequence: Offensive Strategy -> Failure
DEBUG:root:Result: Sequence: High Level Ordering of Strategies -> Failure
DEBUG:root:Finish turn

DEBUG:root:Executing:Sequence: High Level Ordering of Strategies
DEBUG:root:Executing:Sequence: STEAL STEAL STEAL
DEBUG:root:Executing:Check: enemy_sent_fleets
DEBUG:root:Result: Check: enemy_sent_fleets -> Success
DEBUG:root:Executing:Action: steal
DEBUG:root:Result: Action: steal -> Success
DEBUG:root:Executing:Action: steal_defend
DEBUG:root:Result: Action: steal_defend -> Success
DEBUG:root:Result: Sequence: STEAL STEAL STEAL -> Success
DEBUG:root:Executing:Sequence: Offensive Strategy
DEBUG:root:Executing:Check: have_largest_fleet
DEBUG:root:Result: Check: have_largest_fleet -> Success
DEBUG:root:Executing:Action: attack_weakest_enemy_planet
DEBUG:root:Bad order:1 28.0 72.0
DEBUG:root:Result: Action: attack_weakest_enemy_planet -> Success
DEBUG:root:Executing:Check: owns_most_planets
DEBUG:root:Result: Check: owns_most_planets -> Failure
DEBUG:root:Result: Sequence: Offensive Strategy -> Failure
DEBUG:root:Result: Sequence: High Level Ordering of Strategies -> Failure
DEBUG:root:Finish turn

DEBUG:root:Executing:Sequence: High Level Ordering of Strategies
DEBUG:root:Executing:Sequence: STEAL STEAL STEAL
DEBUG:root:Executing:Check: enemy_sent_fleets
DEBUG:root:Result: Check: enemy_sent_fleets -> Success
DEBUG:root:Executing:Action: steal
DEBUG:root:Order:1 18 4.0
DEBUG:root:Result: Action: steal -> Success
DEBUG:root:Executing:Action: steal_defend
DEBUG:root:Result: Action: steal_defend -> Success
DEBUG:root:Result: Sequence: STEAL STEAL STEAL -> Success
DEBUG:root:Executing:Sequence: Offensive Strategy
DEBUG:root:Executing:Check: have_largest_fleet
DEBUG:root:Result: Check: have_largest_fleet -> Success
DEBUG:root:Executing:Action: attack_weakest_enemy_planet
DEBUG:root:Bad order:1 29.0 34.0
DEBUG:root:Result: Action: attack_weakest_enemy_planet -> Success
DEBUG:root:Executing:Check: owns_most_planets
DEBUG:root:Result: Check: owns_most_planets -> Failure
DEBUG:root:Result: Sequence: Offensive Strategy -> Failure
DEBUG:root:Result: Sequence: High Level Ordering of Strategies -> Failure
DEBUG:root:Finish turn

DEBUG:root:Executing:Sequence: High Level Ordering of Strategies
DEBUG:root:Executing:Sequence: STEAL STEAL STEAL
DEBUG:root:Executing:Check: enemy_sent_fleets
DEBUG:root:Result: Check: enemy_sent_fleets -> Success
DEBUG:root:Executing:Action: steal
DEBUG:root:Result: Action: steal -> Success
DEBUG:root:Executing:Action: steal_defend
DEBUG:root:Result: Action: steal_defend -> Success
DEBUG:root:Result: Sequence: STEAL STEAL STEAL -> Success
DEBUG:root:Executing:Sequence: Offensive Strategy
DEBUG:root:Executing:Check: have_largest_fleet
DEBUG:root:Result: Check: have_largest_fleet -> Success
DEBUG:root:Executing:Action: attack_weakest_enemy_planet
DEBUG:root:Bad order:1 34.0 119.0
DEBUG:root:Result: Action: attack_weakest_enemy_planet -> Success
DEBUG:root:Executing:Check: owns_most_planets
DEBUG:root:Result: Check: owns_most_planets -> Failure
DEBUG:root:Result: Sequence: Offensive Strategy -> Failure
DEBUG:root:Result: Sequence: High Level Ordering of Strategies -> Failure
DEBUG:root:Finish turn

DEBUG:root:Executing:Sequence: High Level Ordering of Strategies
DEBUG:root:Executing:Sequence: STEAL STEAL STEAL
DEBUG:root:Executing:Check: enemy_sent_fleets
DEBUG:root:Result: Check: enemy_sent_fleets -> Success
DEBUG:root:Executing:Action: steal
DEBUG:root:Result: Action: steal -> Success
DEBUG:root:Executing:Action: steal_defend
DEBUG:root:Result: Action: steal_defend -> Success
DEBUG:root:Result: Sequence: STEAL STEAL STEAL -> Success
DEBUG:root:Executing:Sequence: Offensive Strategy
DEBUG:root:Executing:Check: have_largest_fleet
DEBUG:root:Result: Check: have_largest_fleet -> Success
DEBUG:root:Executing:Action: attack_weakest_enemy_planet
DEBUG:root:Order:1 9 36.0
DEBUG:root:Result: Action: attack_weakest_enemy_planet -> Success
DEBUG:root:Executing:Check: owns_most_planets
DEBUG:root:Result: Check: owns_most_planets -> Failure
DEBUG:root:Result: Sequence: Offensive Strategy -> Failure
DEBUG:root:Result: Sequence: High Level Ordering of Strategies -> Failure
DEBUG:root:Finish turn

DEBUG:root:Executing:Sequence: High Level Ordering of Strategies
DEBUG:root:Executing:Sequence: STEAL STEAL STEAL
DEBUG:root:Executing:Check: enemy_sent_fleets
DEBUG:root:Result: Check: enemy_sent_fleets -> Success
DEBUG:root:Executing:Action: steal
DEBUG:root:Result: Action: steal -> Success
DEBUG:root:Executing:Action: steal_defend
DEBUG:root:Result: Action: steal_defend -> Success
DEBUG:root:Result: Sequence: STEAL STEAL STEAL -> Success
DEBUG:root:Executing:Sequence: Offensive Strategy
DEBUG:root:Executing:Check: have_largest_fleet
DEBUG:root:Result: Check: have_largest_fleet -> Success
DEBUG:root:Executing:Action: attack_weakest_enemy_planet
DEBUG:root:Bad order:11 11.0 28.0
DEBUG:root:Result: Action: attack_weakest_enemy_planet -> Success
DEBUG:root:Executing:Check: owns_most_planets
DEBUG:root:Result: Check: owns_most_planets -> Failure
DEBUG:root:Result: Sequence: Offensive Strategy -> Failure
DEBUG:root:Result: Sequence: High Level Ordering of Strategies -> Failure
DEBUG:root:Finish turn

DEBUG:root:Executing:Sequence: High Level Ordering of Strategies
DEBUG:root:Executing:Sequence: STEAL STEAL STEAL
DEBUG:root:Executing:Check: enemy_sent_fleets
DEBUG:root:Result: Check: enemy_sent_fleets -> Success
DEBUG:root:Executing:Action: steal
DEBUG:root:Result: Action: steal -> Success
DEBUG:root:Executing:Action: steal_defend
DEBUG:root:Result: Action: steal_defend -> Success
DEBUG:root:Result: Sequence: STEAL STEAL STEAL -> Success
DEBUG:root:Executing:Sequence: Offensive Strategy
DEBUG:root:Executing:Check: have_largest_fleet
DEBUG:root:Result: Check: have_largest_fleet -> Success
DEBUG:root:Executing:Action: attack_weakest_enemy_planet
DEBUG:root:Bad order:11 16.0 37.0
DEBUG:root:Result: Action: attack_weakest_enemy_planet -> Success
DEBUG:root:Executing:Check: owns_most_planets
DEBUG:root:Result: Check: owns_most_planets -> Failure
DEBUG:root:Result: Sequence: Offensive Strategy -> Failure
DEBUG:root:Result: Sequence: High Level Ordering of Strategies -> Failure
DEBUG:root:Finish turn

DEBUG:root:Executing:Sequence: High Level Ordering of Strategies
DEBUG:root:Executing:Sequence: STEAL STEAL STEAL
DEBUG:root:Executing:Check: enemy_sent_fleets
DEBUG:root:Result: Check: enemy_sent_fleets -> Success
DEBUG:root:Executing:Action: steal
DEBUG:root:Result: Action: steal -> Success
DEBUG:root:Executing:Action: steal_defend
DEBUG:root:Result: Action: steal_defend -> Success
DEBUG:root:Result: Sequence: STEAL STEAL STEAL -> Success
DEBUG:root:Executing:Sequence: Offensive Strategy
DEBUG:root:Executing:Check: have_largest_fleet
DEBUG:root:Result: Check: have_largest_fleet -> Success
DEBUG:root:Executing:Action: attack_weakest_enemy_planet
DEBUG:root:Bad order:11 21.0 30.0
DEBUG:root:Result: Action: attack_weakest_enemy_planet -> Success
DEBUG:root:Executing:Check: owns_most_planets
DEBUG:root:Result: Check: owns_most_planets -> Failure
DEBUG:root:Result: Sequence: Offensive Strategy -> Failure
DEBUG:root:Result: Sequence: High Level Ordering of Strategies -> Failure
DEBUG:root:Finish turn

DEBUG:root:Executing:Sequence: High Level Ordering of Strategies
DEBUG:root:Executing:Sequence: STEAL STEAL STEAL
DEBUG:root:Executing:Check: enemy_sent_fleets
DEBUG:root:Result: Check: enemy_sent_fleets -> Success
DEBUG:root:Executing:Action: steal
DEBUG:root:Result: Action: steal -> Success
DEBUG:root:Executing:Action: steal_defend
DEBUG:root:Result: Action: steal_defend -> Success
DEBUG:root:Result: Sequence: STEAL STEAL STEAL -> Success
DEBUG:root:Executing:Sequence: Offensive Strategy
DEBUG:root:Executing:Check: have_largest_fleet
DEBUG:root:Result: Check: have_largest_fleet -> Success
DEBUG:root:Executing:Action: attack_weakest_enemy_planet
DEBUG:root:Order:11 5 13.0
DEBUG:root:Result: Action: attack_weakest_enemy_planet -> Success
DEBUG:root:Executing:Check: owns_most_planets
DEBUG:root:Result: Check: owns_most_planets -> Failure
DEBUG:root:Result: Sequence: Offensive Strategy -> Failure
DEBUG:root:Result: Sequence: High Level Ordering of Strategies -> Failure
DEBUG:root:Finish turn

DEBUG:root:Executing:Sequence: High Level Ordering of Strategies
DEBUG:root:Executing:Sequence: STEAL STEAL STEAL
DEBUG:root:Executing:Check: enemy_sent_fleets
DEBUG:root:Result: Check: enemy_sent_fleets -> Success
DEBUG:root:Executing:Action: steal
DEBUG:root:Order:11 6 3.0
DEBUG:root:Result: Action: steal -> Success
DEBUG:root:Executing:Action: steal_defend
DEBUG:root:Result: Action: steal_defend -> Success
DEBUG:root:Result: Sequence: STEAL STEAL STEAL -> Success
DEBUG:root:Executing:Sequence: Offensive Strategy
DEBUG:root:Executing:Check: have_largest_fleet
DEBUG:root:Result: Check: have_largest_fleet -> Success
DEBUG:root:Executing:Action: attack_weakest_enemy_planet
DEBUG:root:Order:1 5 26.0
DEBUG:root:Result: Action: attack_weakest_enemy_planet -> Success
DEBUG:root:Executing:Check: owns_most_planets
DEBUG:root:Result: Check: owns_most_planets -> Failure
DEBUG:root:Result: Sequence: Offensive Strategy -> Failure
DEBUG:root:Result: Sequence: High Level Ordering of Strategies -> Failure
DEBUG:root:Finish turn

DEBUG:root:Executing:Sequence: High Level Ordering of Strategies
DEBUG:root:Executing:Sequence: STEAL STEAL STEAL
DEBUG:root:Executing:Check: enemy_sent_fleets
DEBUG:root:Result: Check: enemy_sent_fleets -> Success
DEBUG:root:Executing:Action: steal
DEBUG:root:Result: Action: steal -> Success
DEBUG:root:Executing:Action: steal_defend
DEBUG:root:Result: Action: steal_defend -> Success
DEBUG:root:Result: Sequence: STEAL STEAL STEAL -> Success
DEBUG:root:Executing:Sequence: Offensive Strategy
DEBUG:root:Executing:Check: have_largest_fleet
DEBUG:root:Result: Check: have_largest_fleet -> Success
DEBUG:root:Executing:Action: attack_weakest_enemy_planet
DEBUG:root:Order:11 5 15.0
DEBUG:root:Result: Action: attack_weakest_enemy_planet -> Success
DEBUG:root:Executing:Check: owns_most_planets
DEBUG:root:Result: Check: owns_most_planets -> Failure
DEBUG:root:Result: Sequence: Offensive Strategy -> Failure
DEBUG:root:Result: Sequence: High Level Ordering of Strategies -> Failure
DEBUG:root:Finish turn

DEBUG:root:Executing:Sequence: High Level Ordering of Strategies
DEBUG:root:Executing:Sequence: STEAL STEAL STEAL
DEBUG:root:Executing:Check: enemy_sent_fleets
DEBUG:root:Result: Check: enemy_sent_fleets -> Success
DEBUG:root:Executing:Action: steal
DEBUG:root:Result: Action: steal -> Success
DEBUG:root:Executing:Action: steal_defend
DEBUG:root:Result: Action: steal_defend -> Success
DEBUG:root:Result: Sequence: STEAL STEAL STEAL -> Success
DEBUG:root:Executing:Sequence: Offensive Strategy
DEBUG:root:Executing:Check: have_largest_fleet
DEBUG:root:Result: Check: have_largest_fleet -> Success
DEBUG:root:Executing:Action: attack_weakest_enemy_planet
DEBUG:root:Bad order:12 21.0 22.0
DEBUG:root:Result: Action: attack_weakest_enemy_planet -> Success
DEBUG:root:Executing:Check: owns_most_planets
DEBUG:root:Result: Check: owns_most_planets -> Failure
DEBUG:root:Result: Sequence: Offensive Strategy -> Failure
DEBUG:root:Result: Sequence: High Level Ordering of Strategies -> Failure
DEBUG:root:Finish turn

DEBUG:root:Executing:Sequence: High Level Ordering of Strategies
DEBUG:root:Executing:Sequence: STEAL STEAL STEAL
DEBUG:root:Executing:Check: enemy_sent_fleets
DEBUG:root:Result: Check: enemy_sent_fleets -> Success
DEBUG:root:Executing:Action: steal
DEBUG:root:Result: Action: steal -> Success
DEBUG:root:Executing:Action: steal_defend
DEBUG:root:Result: Action: steal_defend -> Success
DEBUG:root:Result: Sequence: STEAL STEAL STEAL -> Success
DEBUG:root:Executing:Sequence: Offensive Strategy
DEBUG:root:Executing:Check: have_largest_fleet
DEBUG:root:Result: Check: have_largest_fleet -> Success
DEBUG:root:Executing:Action: attack_weakest_enemy_planet
DEBUG:root:Order:12 5 23.0
DEBUG:root:Result: Action: attack_weakest_enemy_planet -> Success
DEBUG:root:Executing:Check: owns_most_planets
DEBUG:root:Result: Check: owns_most_planets -> Failure
DEBUG:root:Result: Sequence: Offensive Strategy -> Failure
DEBUG:root:Result: Sequence: High Level Ordering of Strategies -> Failure
DEBUG:root:Finish turn

DEBUG:root:Executing:Sequence: High Level Ordering of Strategies
DEBUG:root:Executing:Sequence: STEAL STEAL STEAL
DEBUG:root:Executing:Check: enemy_sent_fleets
DEBUG:root:Result: Check: enemy_sent_fleets -> Success
DEBUG:root:Executing:Action: steal
DEBUG:root:Result: Action: steal -> Success
DEBUG:root:Executing:Action: steal_defend
DEBUG:root:Result: Action: steal_defend -> Success
DEBUG:root:Result: Sequence: STEAL STEAL STEAL -> Success
DEBUG:root:Executing:Sequence: Offensive Strategy
DEBUG:root:Executing:Check: have_largest_fleet
DEBUG:root:Result: Check: have_largest_fleet -> Success
DEBUG:root:Executing:Action: attack_weakest_enemy_planet
DEBUG:root:Bad order:1 22.0 30.0
DEBUG:root:Result: Action: attack_weakest_enemy_planet -> Success
DEBUG:root:Executing:Check: owns_most_planets
DEBUG:root:Result: Check: owns_most_planets -> Success
DEBUG:root:Executing:Action: have_most_troops
DEBUG:root:Bad order:1 22.0 30.0
DEBUG:root:Bad order:1 22.0 153.0
DEBUG:root:Result: Action: have_most_troops -> Success
DEBUG:root:Result: Sequence: Offensive Strategy -> Success
DEBUG:root:Result: Sequence: High Level Ordering of Strategies -> Success
DEBUG:root:Finish turn

DEBUG:root:Executing:Sequence: High Level Ordering of Strategies
DEBUG:root:Executing:Sequence: STEAL STEAL STEAL
DEBUG:root:Executing:Check: enemy_sent_fleets
DEBUG:root:Result: Check: enemy_sent_fleets -> Success
DEBUG:root:Executing:Action: steal
DEBUG:root:Order:1 0 5.0
DEBUG:root:Result: Action: steal -> Success
DEBUG:root:Executing:Action: steal_defend
DEBUG:root:Result: Action: steal_defend -> Success
DEBUG:root:Result: Sequence: STEAL STEAL STEAL -> Success
DEBUG:root:Executing:Sequence: Offensive Strategy
DEBUG:root:Executing:Check: have_largest_fleet
DEBUG:root:Result: Check: have_largest_fleet -> Success
DEBUG:root:Executing:Action: attack_weakest_enemy_planet
DEBUG:root:Order:11 5 19.0
DEBUG:root:Result: Action: attack_weakest_enemy_planet -> Success
DEBUG:root:Executing:Check: owns_most_planets
DEBUG:root:Result: Check: owns_most_planets -> Success
DEBUG:root:Executing:Action: have_most_troops
DEBUG:root:Bad order:1 22.0 31.0
DEBUG:root:Bad order:1 22.0 120.0
DEBUG:root:Result: Action: have_most_troops -> Success
DEBUG:root:Result: Sequence: Offensive Strategy -> Success
DEBUG:root:Result: Sequence: High Level Ordering of Strategies -> Success
DEBUG:root:Finish turn

DEBUG:root:Executing:Sequence: High Level Ordering of Strategies
DEBUG:root:Executing:Sequence: STEAL STEAL STEAL
DEBUG:root:Executing:Check: enemy_sent_fleets
DEBUG:root:Result: Check: enemy_sent_fleets -> Success
DEBUG:root:Executing:Action: steal
DEBUG:root:Result: Action: steal -> Success
DEBUG:root:Executing:Action: steal_defend
DEBUG:root:Result: Action: steal_defend -> Success
DEBUG:root:Result: Sequence: STEAL STEAL STEAL -> Success
DEBUG:root:Executing:Sequence: Offensive Strategy
DEBUG:root:Executing:Check: have_largest_fleet
DEBUG:root:Result: Check: have_largest_fleet -> Success
DEBUG:root:Executing:Action: attack_weakest_enemy_planet
DEBUG:root:Bad order:1 27.0 36.0
DEBUG:root:Result: Action: attack_weakest_enemy_planet -> Success
DEBUG:root:Executing:Check: owns_most_planets
DEBUG:root:Result: Check: owns_most_planets -> Failure
DEBUG:root:Result: Sequence: Offensive Strategy -> Failure
DEBUG:root:Result: Sequence: High Level Ordering of Strategies -> Failure
DEBUG:root:Finish turn

DEBUG:root:Executing:Sequence: High Level Ordering of Strategies
DEBUG:root:Executing:Sequence: STEAL STEAL STEAL
DEBUG:root:Executing:Check: enemy_sent_fleets
DEBUG:root:Result: Check: enemy_sent_fleets -> Success
DEBUG:root:Executing:Action: steal
DEBUG:root:Result: Action: steal -> Success
DEBUG:root:Executing:Action: steal_defend
DEBUG:root:Result: Action: steal_defend -> Success
DEBUG:root:Result: Sequence: STEAL STEAL STEAL -> Success
DEBUG:root:Executing:Sequence: Offensive Strategy
DEBUG:root:Executing:Check: have_largest_fleet
DEBUG:root:Result: Check: have_largest_fleet -> Success
DEBUG:root:Executing:Action: attack_weakest_enemy_planet
DEBUG:root:Bad order:1 32.0 38.0
DEBUG:root:Result: Action: attack_weakest_enemy_planet -> Success
DEBUG:root:Executing:Check: owns_most_planets
DEBUG:root:Result: Check: owns_most_planets -> Failure
DEBUG:root:Result: Sequence: Offensive Strategy -> Failure
DEBUG:root:Result: Sequence: High Level Ordering of Strategies -> Failure
DEBUG:root:Finish turn

DEBUG:root:Executing:Sequence: High Level Ordering of Strategies
DEBUG:root:Executing:Sequence: STEAL STEAL STEAL
DEBUG:root:Executing:Check: enemy_sent_fleets
DEBUG:root:Result: Check: enemy_sent_fleets -> Success
DEBUG:root:Executing:Action: steal
DEBUG:root:Result: Action: steal -> Success
DEBUG:root:Executing:Action: steal_defend
DEBUG:root:Result: Action: steal_defend -> Success
DEBUG:root:Result: Sequence: STEAL STEAL STEAL -> Success
DEBUG:root:Executing:Sequence: Offensive Strategy
DEBUG:root:Executing:Check: have_largest_fleet
DEBUG:root:Result: Check: have_largest_fleet -> Success
DEBUG:root:Executing:Action: attack_weakest_enemy_planet
DEBUG:root:Bad order:1 37.0 40.0
DEBUG:root:Result: Action: attack_weakest_enemy_planet -> Success
DEBUG:root:Executing:Check: owns_most_planets
DEBUG:root:Result: Check: owns_most_planets -> Failure
DEBUG:root:Result: Sequence: Offensive Strategy -> Failure
DEBUG:root:Result: Sequence: High Level Ordering of Strategies -> Failure
DEBUG:root:Finish turn

DEBUG:root:Executing:Sequence: High Level Ordering of Strategies
DEBUG:root:Executing:Sequence: STEAL STEAL STEAL
DEBUG:root:Executing:Check: enemy_sent_fleets
DEBUG:root:Result: Check: enemy_sent_fleets -> Success
DEBUG:root:Executing:Action: steal
DEBUG:root:Result: Action: steal -> Success
DEBUG:root:Executing:Action: steal_defend
DEBUG:root:Result: Action: steal_defend -> Success
DEBUG:root:Result: Sequence: STEAL STEAL STEAL -> Success
DEBUG:root:Executing:Sequence: Offensive Strategy
DEBUG:root:Executing:Check: have_largest_fleet
DEBUG:root:Result: Check: have_largest_fleet -> Success
DEBUG:root:Executing:Action: attack_weakest_enemy_planet
DEBUG:root:Order:1 17 42.0
DEBUG:root:Result: Action: attack_weakest_enemy_planet -> Success
DEBUG:root:Executing:Check: owns_most_planets
DEBUG:root:Result: Check: owns_most_planets -> Failure
DEBUG:root:Result: Sequence: Offensive Strategy -> Failure
DEBUG:root:Result: Sequence: High Level Ordering of Strategies -> Failure
DEBUG:root:Finish turn

DEBUG:root:Executing:Sequence: High Level Ordering of Strategies
DEBUG:root:Executing:Sequence: STEAL STEAL STEAL
DEBUG:root:Executing:Check: enemy_sent_fleets
DEBUG:root:Result: Check: enemy_sent_fleets -> Success
DEBUG:root:Executing:Action: steal
DEBUG:root:Result: Action: steal -> Success
DEBUG:root:Executing:Action: steal_defend
DEBUG:root:Result: Action: steal_defend -> Success
DEBUG:root:Result: Sequence: STEAL STEAL STEAL -> Success
DEBUG:root:Executing:Sequence: Offensive Strategy
DEBUG:root:Executing:Check: have_largest_fleet
DEBUG:root:Result: Check: have_largest_fleet -> Success
DEBUG:root:Executing:Action: attack_weakest_enemy_planet
DEBUG:root:Order:9 17 24.0
DEBUG:root:Result: Action: attack_weakest_enemy_planet -> Success
DEBUG:root:Executing:Check: owns_most_planets
DEBUG:root:Result: Check: owns_most_planets -> Success
DEBUG:root:Executing:Action: have_most_troops
DEBUG:root:Order:12 17 24.0
DEBUG:root:Bad order:12 14.0 90.0
DEBUG:root:Result: Action: have_most_troops -> Success
DEBUG:root:Result: Sequence: Offensive Strategy -> Success
DEBUG:root:Result: Sequence: High Level Ordering of Strategies -> Success
DEBUG:root:Finish turn

DEBUG:root:Executing:Sequence: High Level Ordering of Strategies
DEBUG:root:Executing:Sequence: STEAL STEAL STEAL
DEBUG:root:Executing:Check: enemy_sent_fleets
DEBUG:root:Result: Check: enemy_sent_fleets -> Success
DEBUG:root:Executing:Action: steal
DEBUG:root:Result: Action: steal -> Success
DEBUG:root:Executing:Action: steal_defend
DEBUG:root:Result: Action: steal_defend -> Success
DEBUG:root:Result: Sequence: STEAL STEAL STEAL -> Success
DEBUG:root:Executing:Sequence: Offensive Strategy
DEBUG:root:Executing:Check: have_largest_fleet
DEBUG:root:Result: Check: have_largest_fleet -> Success
DEBUG:root:Executing:Action: attack_weakest_enemy_planet
DEBUG:root:Order:9 17 26.0
DEBUG:root:Result: Action: attack_weakest_enemy_planet -> Success
DEBUG:root:Executing:Check: owns_most_planets
DEBUG:root:Result: Check: owns_most_planets -> Success
DEBUG:root:Executing:Action: have_most_troops
DEBUG:root:Order:11 17 30.0
DEBUG:root:Bad order:11 6.0 72.0
DEBUG:root:Result: Action: have_most_troops -> Success
DEBUG:root:Result: Sequence: Offensive Strategy -> Success
DEBUG:root:Result: Sequence: High Level Ordering of Strategies -> Success
DEBUG:root:Finish turn

DEBUG:root:Executing:Sequence: High Level Ordering of Strategies
DEBUG:root:Executing:Sequence: STEAL STEAL STEAL
DEBUG:root:Executing:Check: enemy_sent_fleets
DEBUG:root:Result: Check: enemy_sent_fleets -> Success
DEBUG:root:Executing:Action: steal
DEBUG:root:Result: Action: steal -> Success
DEBUG:root:Executing:Action: steal_defend
DEBUG:root:Result: Action: steal_defend -> Success
DEBUG:root:Result: Sequence: STEAL STEAL STEAL -> Success
DEBUG:root:Executing:Sequence: Offensive Strategy
DEBUG:root:Executing:Check: have_largest_fleet
DEBUG:root:Result: Check: have_largest_fleet -> Success
DEBUG:root:Executing:Action: attack_weakest_enemy_planet
DEBUG:root:Bad order:5 33.0 44.0
DEBUG:root:Result: Action: attack_weakest_enemy_planet -> Success
DEBUG:root:Executing:Check: owns_most_planets
DEBUG:root:Result: Check: owns_most_planets -> Success
DEBUG:root:Executing:Action: have_most_troops
DEBUG:root:Bad order:5 33.0 44.0
DEBUG:root:Bad order:5 33.0 77.0
DEBUG:root:Result: Action: have_most_troops -> Success
DEBUG:root:Result: Sequence: Offensive Strategy -> Success
DEBUG:root:Result: Sequence: High Level Ordering of Strategies -> Success
DEBUG:root:Finish turn

DEBUG:root:Executing:Sequence: High Level Ordering of Strategies
DEBUG:root:Executing:Sequence: STEAL STEAL STEAL
DEBUG:root:Executing:Check: enemy_sent_fleets
DEBUG:root:Result: Check: enemy_sent_fleets -> Success
DEBUG:root:Executing:Action: steal
DEBUG:root:Result: Action: steal -> Success
DEBUG:root:Executing:Action: steal_defend
DEBUG:root:Result: Action: steal_defend -> Success
DEBUG:root:Result: Sequence: STEAL STEAL STEAL -> Success
DEBUG:root:Executing:Sequence: Offensive Strategy
DEBUG:root:Executing:Check: have_largest_fleet
DEBUG:root:Result: Check: have_largest_fleet -> Success
DEBUG:root:Executing:Action: attack_weakest_enemy_planet
DEBUG:root:Bad order:5 34.0 46.0
DEBUG:root:Result: Action: attack_weakest_enemy_planet -> Success
DEBUG:root:Executing:Check: owns_most_planets
DEBUG:root:Result: Check: owns_most_planets -> Success
DEBUG:root:Executing:Action: have_most_troops
DEBUG:root:Bad order:5 34.0 46.0
DEBUG:root:Bad order:5 34.0 73.0
DEBUG:root:Result: Action: have_most_troops -> Success
DEBUG:root:Result: Sequence: Offensive Strategy -> Success
DEBUG:root:Result: Sequence: High Level Ordering of Strategies -> Success
DEBUG:root:Finish turn

DEBUG:root:Executing:Sequence: High Level Ordering of Strategies
DEBUG:root:Executing:Sequence: STEAL STEAL STEAL
DEBUG:root:Executing:Check: enemy_sent_fleets
DEBUG:root:Result: Check: enemy_sent_fleets -> Success
DEBUG:root:Executing:Action: steal
DEBUG:root:Result: Action: steal -> Success
DEBUG:root:Executing:Action: steal_defend
DEBUG:root:Result: Action: steal_defend -> Success
DEBUG:root:Result: Sequence: STEAL STEAL STEAL -> Success
DEBUG:root:Executing:Sequence: Offensive Strategy
DEBUG:root:Executing:Check: have_largest_fleet
DEBUG:root:Result: Check: have_largest_fleet -> Success
DEBUG:root:Executing:Action: attack_weakest_enemy_planet
DEBUG:root:Bad order:5 35.0 48.0
DEBUG:root:Result: Action: attack_weakest_enemy_planet -> Success
DEBUG:root:Executing:Check: owns_most_planets
DEBUG:root:Result: Check: owns_most_planets -> Success
DEBUG:root:Executing:Action: have_most_troops
DEBUG:root:Bad order:5 35.0 48.0
DEBUG:root:Bad order:5 35.0 78.0
DEBUG:root:Result: Action: have_most_troops -> Success
DEBUG:root:Result: Sequence: Offensive Strategy -> Success
DEBUG:root:Result: Sequence: High Level Ordering of Strategies -> Success
DEBUG:root:Finish turn

DEBUG:root:Executing:Sequence: High Level Ordering of Strategies
DEBUG:root:Executing:Sequence: STEAL STEAL STEAL
DEBUG:root:Executing:Check: enemy_sent_fleets
DEBUG:root:Result: Check: enemy_sent_fleets -> Success
DEBUG:root:Executing:Action: steal
DEBUG:root:Result: Action: steal -> Success
DEBUG:root:Executing:Action: steal_defend
DEBUG:root:Result: Action: steal_defend -> Success
DEBUG:root:Result: Sequence: STEAL STEAL STEAL -> Success
DEBUG:root:Executing:Sequence: Offensive Strategy
DEBUG:root:Executing:Check: have_largest_fleet
DEBUG:root:Result: Check: have_largest_fleet -> Success
DEBUG:root:Executing:Action: attack_weakest_enemy_planet
DEBUG:root:Order:12 0 14.0
DEBUG:root:Result: Action: attack_weakest_enemy_planet -> Success
DEBUG:root:Executing:Check: owns_most_planets
DEBUG:root:Result: Check: owns_most_planets -> Success
DEBUG:root:Executing:Action: have_most_troops
DEBUG:root:Bad order:5 36.0 44.0
DEBUG:root:Bad order:5 36.0 83.0
DEBUG:root:Result: Action: have_most_troops -> Success
DEBUG:root:Result: Sequence: Offensive Strategy -> Success
DEBUG:root:Result: Sequence: High Level Ordering of Strategies -> Success
DEBUG:root:Finish turn

DEBUG:root:Executing:Sequence: High Level Ordering of Strategies
DEBUG:root:Executing:Sequence: STEAL STEAL STEAL
DEBUG:root:Executing:Check: enemy_sent_fleets
DEBUG:root:Result: Check: enemy_sent_fleets -> Success
DEBUG:root:Executing:Action: steal
DEBUG:root:Result: Action: steal -> Success
DEBUG:root:Executing:Action: steal_defend
DEBUG:root:Result: Action: steal_defend -> Success
DEBUG:root:Result: Sequence: STEAL STEAL STEAL -> Success
DEBUG:root:Executing:Sequence: Offensive Strategy
DEBUG:root:Executing:Check: have_largest_fleet
DEBUG:root:Result: Check: have_largest_fleet -> Success
DEBUG:root:Executing:Action: attack_weakest_enemy_planet
DEBUG:root:Order:5 6 30.0
DEBUG:root:Result: Action: attack_weakest_enemy_planet -> Success
DEBUG:root:Executing:Check: owns_most_planets
DEBUG:root:Result: Check: owns_most_planets -> Success
DEBUG:root:Executing:Action: have_most_troops
DEBUG:root:Order:1 6 13.0
DEBUG:root:Bad order:1 22.0 143.0
DEBUG:root:Result: Action: have_most_troops -> Success
DEBUG:root:Result: Sequence: Offensive Strategy -> Success
DEBUG:root:Result: Sequence: High Level Ordering of Strategies -> Success
DEBUG:root:Finish turn

DEBUG:root:Executing:Sequence: High Level Ordering of Strategies
DEBUG:root:Executing:Sequence: STEAL STEAL STEAL
DEBUG:root:Executing:Check: enemy_sent_fleets
DEBUG:root:Result: Check: enemy_sent_fleets -> Success
DEBUG:root:Executing:Action: steal
DEBUG:root:Result: Action: steal -> Success
DEBUG:root:Executing:Action: steal_defend
DEBUG:root:Result: Action: steal_defend -> Success
DEBUG:root:Result: Sequence: STEAL STEAL STEAL -> Success
DEBUG:root:Executing:Sequence: Offensive Strategy
DEBUG:root:Executing:Check: have_largest_fleet
DEBUG:root:Result: Check: have_largest_fleet -> Success
DEBUG:root:Executing:Action: attack_weakest_enemy_planet
DEBUG:root:Bad order:11 36.0 93.0
DEBUG:root:Result: Action: attack_weakest_enemy_planet -> Success
DEBUG:root:Executing:Check: owns_most_planets
DEBUG:root:Result: Check: owns_most_planets -> Success
DEBUG:root:Executing:Action: have_most_troops
DEBUG:root:Bad order:11 36.0 93.0
DEBUG:root:Bad order:11 36.0 93.0
DEBUG:root:Result: Action: have_most_troops -> Success
DEBUG:root:Result: Sequence: Offensive Strategy -> Success
DEBUG:root:Result: Sequence: High Level Ordering of Strategies -> Success
DEBUG:root:Finish turn

DEBUG:root:Executing:Sequence: High Level Ordering of Strategies
DEBUG:root:Executing:Sequence: STEAL STEAL STEAL
DEBUG:root:Executing:Check: enemy_sent_fleets
DEBUG:root:Result: Check: enemy_sent_fleets -> Success
DEBUG:root:Executing:Action: steal
DEBUG:root:Result: Action: steal -> Success
DEBUG:root:Executing:Action: steal_defend
DEBUG:root:Result: Action: steal_defend -> Success
DEBUG:root:Result: Sequence: STEAL STEAL STEAL -> Success
DEBUG:root:Executing:Sequence: Offensive Strategy
DEBUG:root:Executing:Check: have_largest_fleet
DEBUG:root:Result: Check: have_largest_fleet -> Success
DEBUG:root:Executing:Action: attack_weakest_enemy_planet
DEBUG:root:Order:17 9 9.0
DEBUG:root:Result: Action: attack_weakest_enemy_planet -> Success
DEBUG:root:Executing:Check: owns_most_planets
DEBUG:root:Result: Check: owns_most_planets -> Success
DEBUG:root:Executing:Action: have_most_troops
DEBUG:root:Order:17 9 9.0
DEBUG:root:Bad order:17 35.0 53.0
DEBUG:root:Result: Action: have_most_troops -> Success
DEBUG:root:Result: Sequence: Offensive Strategy -> Success
DEBUG:root:Result: Sequence: High Level Ordering of Strategies -> Success
DEBUG:root:Finish turn

DEBUG:root:Executing:Sequence: High Level Ordering of Strategies
DEBUG:root:Executing:Sequence: STEAL STEAL STEAL
DEBUG:root:Executing:Check: enemy_sent_fleets
DEBUG:root:Result: Check: enemy_sent_fleets -> Success
DEBUG:root:Executing:Action: steal
DEBUG:root:Result: Action: steal -> Success
DEBUG:root:Executing:Action: steal_defend
DEBUG:root:Result: Action: steal_defend -> Success
DEBUG:root:Result: Sequence: STEAL STEAL STEAL -> Success
DEBUG:root:Executing:Sequence: Offensive Strategy
DEBUG:root:Executing:Check: have_largest_fleet
DEBUG:root:Result: Check: have_largest_fleet -> Success
DEBUG:root:Executing:Action: attack_weakest_enemy_planet
DEBUG:root:Bad order:11 46.0 78.0
DEBUG:root:Result: Action: attack_weakest_enemy_planet -> Success
DEBUG:root:Executing:Check: owns_most_planets
DEBUG:root:Result: Check: owns_most_planets -> Success
DEBUG:root:Executing:Action: have_most_troops
DEBUG:root:Bad order:11 46.0 78.0
DEBUG:root:Bad order:11 46.0 78.0
DEBUG:root:Result: Action: have_most_troops -> Success
DEBUG:root:Result: Sequence: Offensive Strategy -> Success
DEBUG:root:Result: Sequence: High Level Ordering of Strategies -> Success
DEBUG:root:Finish turn

DEBUG:root:Executing:Sequence: High Level Ordering of Strategies
DEBUG:root:Executing:Sequence: STEAL STEAL STEAL
DEBUG:root:Executing:Check: enemy_sent_fleets
DEBUG:root:Result: Check: enemy_sent_fleets -> Success
DEBUG:root:Executing:Action: steal
DEBUG:root:Result: Action: steal -> Success
DEBUG:root:Executing:Action: steal_defend
DEBUG:root:Result: Action: steal_defend -> Success
DEBUG:root:Result: Sequence: STEAL STEAL STEAL -> Success
DEBUG:root:Executing:Sequence: Offensive Strategy
DEBUG:root:Executing:Check: have_largest_fleet
DEBUG:root:Result: Check: have_largest_fleet -> Success
DEBUG:root:Executing:Action: attack_weakest_enemy_planet
DEBUG:root:Order:17 2 63.0
DEBUG:root:Result: Action: attack_weakest_enemy_planet -> Success
DEBUG:root:Executing:Check: owns_most_planets
DEBUG:root:Result: Check: owns_most_planets -> Success
DEBUG:root:Executing:Action: have_most_troops
DEBUG:root:Bad order:5 53.0 83.0
DEBUG:root:Bad order:5 53.0 83.0
DEBUG:root:Result: Action: have_most_troops -> Success
DEBUG:root:Result: Sequence: Offensive Strategy -> Success
DEBUG:root:Result: Sequence: High Level Ordering of Strategies -> Success
DEBUG:root:Finish turn

DEBUG:root:Executing:Sequence: High Level Ordering of Strategies
DEBUG:root:Executing:Sequence: STEAL STEAL STEAL
DEBUG:root:Executing:Check: enemy_sent_fleets
DEBUG:root:Result: Check: enemy_sent_fleets -> Success
DEBUG:root:Executing:Action: steal
DEBUG:root:Result: Action: steal -> Success
DEBUG:root:Executing:Action: steal_defend
DEBUG:root:Result: Action: steal_defend -> Success
DEBUG:root:Result: Sequence: STEAL STEAL STEAL -> Success
DEBUG:root:Executing:Sequence: Offensive Strategy
DEBUG:root:Executing:Check: have_largest_fleet
DEBUG:root:Result: Check: have_largest_fleet -> Success
DEBUG:root:Executing:Action: attack_weakest_enemy_planet
DEBUG:root:Bad order:11 56.0 88.0
DEBUG:root:Result: Action: attack_weakest_enemy_planet -> Success
DEBUG:root:Executing:Check: owns_most_planets
DEBUG:root:Result: Check: owns_most_planets -> Success
DEBUG:root:Executing:Action: have_most_troops
DEBUG:root:Bad order:11 56.0 88.0
DEBUG:root:Bad order:11 56.0 88.0
DEBUG:root:Result: Action: have_most_troops -> Success
DEBUG:root:Result: Sequence: Offensive Strategy -> Success
DEBUG:root:Result: Sequence: High Level Ordering of Strategies -> Success
DEBUG:root:Finish turn

DEBUG:root:Executing:Sequence: High Level Ordering of Strategies
DEBUG:root:Executing:Sequence: STEAL STEAL STEAL
DEBUG:root:Executing:Check: enemy_sent_fleets
DEBUG:root:Result: Check: enemy_sent_fleets -> Success
DEBUG:root:Executing:Action: steal
DEBUG:root:Result: Action: steal -> Success
DEBUG:root:Executing:Action: steal_defend
DEBUG:root:Result: Action: steal_defend -> Success
DEBUG:root:Result: Sequence: STEAL STEAL STEAL -> Success
DEBUG:root:Executing:Sequence: Offensive Strategy
DEBUG:root:Executing:Check: have_largest_fleet
DEBUG:root:Result: Check: have_largest_fleet -> Success
DEBUG:root:Executing:Action: attack_weakest_enemy_planet
DEBUG:root:Bad order:11 61.0 70.0
DEBUG:root:Result: Action: attack_weakest_enemy_planet -> Success
DEBUG:root:Executing:Check: owns_most_planets
DEBUG:root:Result: Check: owns_most_planets -> Success
DEBUG:root:Executing:Action: have_most_troops
DEBUG:root:Bad order:11 61.0 70.0
DEBUG:root:Bad order:11 61.0 70.0
DEBUG:root:Result: Action: have_most_troops -> Success
DEBUG:root:Result: Sequence: Offensive Strategy -> Success
DEBUG:root:Result: Sequence: High Level Ordering of Strategies -> Success
DEBUG:root:Finish turn

DEBUG:root:Executing:Sequence: High Level Ordering of Strategies
DEBUG:root:Executing:Sequence: STEAL STEAL STEAL
DEBUG:root:Executing:Check: enemy_sent_fleets
DEBUG:root:Result: Check: enemy_sent_fleets -> Success
DEBUG:root:Executing:Action: steal
DEBUG:root:Result: Action: steal -> Success
DEBUG:root:Executing:Action: steal_defend
DEBUG:root:Result: Action: steal_defend -> Success
DEBUG:root:Result: Sequence: STEAL STEAL STEAL -> Success
DEBUG:root:Executing:Sequence: Offensive Strategy
DEBUG:root:Executing:Check: have_largest_fleet
DEBUG:root:Result: Check: have_largest_fleet -> Success
DEBUG:root:Executing:Action: attack_weakest_enemy_planet
DEBUG:root:Bad order:5 69.0 75.0
DEBUG:root:Result: Action: attack_weakest_enemy_planet -> Success
DEBUG:root:Executing:Check: owns_most_planets
DEBUG:root:Result: Check: owns_most_planets -> Success
DEBUG:root:Executing:Action: have_most_troops
DEBUG:root:Bad order:5 69.0 75.0
DEBUG:root:Bad order:5 69.0 75.0
DEBUG:root:Result: Action: have_most_troops -> Success
DEBUG:root:Result: Sequence: Offensive Strategy -> Success
DEBUG:root:Result: Sequence: High Level Ordering of Strategies -> Success
DEBUG:root:Finish turn

DEBUG:root:Executing:Sequence: High Level Ordering of Strategies
DEBUG:root:Executing:Sequence: STEAL STEAL STEAL
DEBUG:root:Executing:Check: enemy_sent_fleets
DEBUG:root:Result: Check: enemy_sent_fleets -> Success
DEBUG:root:Executing:Action: steal
DEBUG:root:Result: Action: steal -> Success
DEBUG:root:Executing:Action: steal_defend
DEBUG:root:Result: Action: steal_defend -> Success
DEBUG:root:Result: Sequence: STEAL STEAL STEAL -> Success
DEBUG:root:Executing:Sequence: Offensive Strategy
DEBUG:root:Executing:Check: have_largest_fleet
DEBUG:root:Result: Check: have_largest_fleet -> Success
DEBUG:root:Executing:Action: attack_weakest_enemy_planet
DEBUG:root:Bad order:11 71.0 80.0
DEBUG:root:Result: Action: attack_weakest_enemy_planet -> Success
DEBUG:root:Executing:Check: owns_most_planets
DEBUG:root:Result: Check: owns_most_planets -> Success
DEBUG:root:Executing:Action: have_most_troops
DEBUG:root:Bad order:11 71.0 80.0
DEBUG:root:Bad order:11 71.0 80.0
DEBUG:root:Result: Action: have_most_troops -> Success
DEBUG:root:Result: Sequence: Offensive Strategy -> Success
DEBUG:root:Result: Sequence: High Level Ordering of Strategies -> Success
DEBUG:root:Finish turn

DEBUG:root:Executing:Sequence: High Level Ordering of Strategies
DEBUG:root:Executing:Sequence: STEAL STEAL STEAL
DEBUG:root:Executing:Check: enemy_sent_fleets
DEBUG:root:Result: Check: enemy_sent_fleets -> Success
DEBUG:root:Executing:Action: steal
DEBUG:root:Result: Action: steal -> Success
DEBUG:root:Executing:Action: steal_defend
DEBUG:root:Result: Action: steal_defend -> Success
DEBUG:root:Result: Sequence: STEAL STEAL STEAL -> Success
DEBUG:root:Executing:Sequence: Offensive Strategy
DEBUG:root:Executing:Check: have_largest_fleet
DEBUG:root:Result: Check: have_largest_fleet -> Success
DEBUG:root:Executing:Action: attack_weakest_enemy_planet
DEBUG:root:Bad order:11 76.0 85.0
DEBUG:root:Result: Action: attack_weakest_enemy_planet -> Success
DEBUG:root:Executing:Check: owns_most_planets
DEBUG:root:Result: Check: owns_most_planets -> Success
DEBUG:root:Executing:Action: have_most_troops
DEBUG:root:Bad order:11 76.0 85.0
DEBUG:root:Bad order:11 76.0 85.0
DEBUG:root:Result: Action: have_most_troops -> Success
DEBUG:root:Result: Sequence: Offensive Strategy -> Success
DEBUG:root:Result: Sequence: High Level Ordering of Strategies -> Success
DEBUG:root:Finish turn

DEBUG:root:Executing:Sequence: High Level Ordering of Strategies
DEBUG:root:Executing:Sequence: STEAL STEAL STEAL
DEBUG:root:Executing:Check: enemy_sent_fleets
DEBUG:root:Result: Check: enemy_sent_fleets -> Success
DEBUG:root:Executing:Action: steal
DEBUG:root:Result: Action: steal -> Success
DEBUG:root:Executing:Action: steal_defend
DEBUG:root:Result: Action: steal_defend -> Success
DEBUG:root:Result: Sequence: STEAL STEAL STEAL -> Success
DEBUG:root:Executing:Sequence: Offensive Strategy
DEBUG:root:Executing:Check: have_largest_fleet
DEBUG:root:Result: Check: have_largest_fleet -> Success
DEBUG:root:Executing:Action: attack_weakest_enemy_planet
DEBUG:root:Bad order:11 81.0 90.0
DEBUG:root:Result: Action: attack_weakest_enemy_planet -> Success
DEBUG:root:Executing:Check: owns_most_planets
DEBUG:root:Result: Check: owns_most_planets -> Success
DEBUG:root:Executing:Action: have_most_troops
DEBUG:root:Bad order:11 81.0 90.0
DEBUG:root:Bad order:11 81.0 90.0
DEBUG:root:Result: Action: have_most_troops -> Success
DEBUG:root:Result: Sequence: Offensive Strategy -> Success
DEBUG:root:Result: Sequence: High Level Ordering of Strategies -> Success
DEBUG:root:Finish turn

DEBUG:root:Executing:Sequence: High Level Ordering of Strategies
DEBUG:root:Executing:Sequence: STEAL STEAL STEAL
DEBUG:root:Executing:Check: enemy_sent_fleets
DEBUG:root:Result: Check: enemy_sent_fleets -> Success
DEBUG:root:Executing:Action: steal
DEBUG:root:Result: Action: steal -> Success
DEBUG:root:Executing:Action: steal_defend
DEBUG:root:Result: Action: steal_defend -> Success
DEBUG:root:Result: Sequence: STEAL STEAL STEAL -> Success
DEBUG:root:Executing:Sequence: Offensive Strategy
DEBUG:root:Executing:Check: have_largest_fleet
DEBUG:root:Result: Check: have_largest_fleet -> Success
DEBUG:root:Executing:Action: attack_weakest_enemy_planet
DEBUG:root:Result: Action: attack_weakest_enemy_planet -> Failure
DEBUG:root:Result: Sequence: Offensive Strategy -> Failure
DEBUG:root:Result: Sequence: High Level Ordering of Strategies -> Failure
DEBUG:root:Finish turn

DEBUG:root:Executing:Sequence: High Level Ordering of Strategies
DEBUG:root:Executing:Sequence: STEAL STEAL STEAL
DEBUG:root:Executing:Check: enemy_sent_fleets
DEBUG:root:Result: Check: enemy_sent_fleets -> Success
DEBUG:root:Executing:Action: steal
DEBUG:root:Result: Action: steal -> Success
DEBUG:root:Executing:Action: steal_defend
DEBUG:root:Result: Action: steal_defend -> Success
DEBUG:root:Result: Sequence: STEAL STEAL STEAL -> Success
DEBUG:root:Executing:Sequence: Offensive Strategy
DEBUG:root:Executing:Check: have_largest_fleet
DEBUG:root:Result: Check: have_largest_fleet -> Success
DEBUG:root:Executing:Action: attack_weakest_enemy_planet
DEBUG:root:Result: Action: attack_weakest_enemy_planet -> Failure
DEBUG:root:Result: Sequence: Offensive Strategy -> Failure
DEBUG:root:Result: Sequence: High Level Ordering of Strategies -> Failure
DEBUG:root:Finish turn

DEBUG:root:Executing:Sequence: High Level Ordering of Strategies
DEBUG:root:Executing:Sequence: STEAL STEAL STEAL
DEBUG:root:Executing:Check: enemy_sent_fleets
DEBUG:root:Result: Check: enemy_sent_fleets -> Success
DEBUG:root:Executing:Action: steal
DEBUG:root:Result: Action: steal -> Success
DEBUG:root:Executing:Action: steal_defend
DEBUG:root:Result: Action: steal_defend -> Success
DEBUG:root:Result: Sequence: STEAL STEAL STEAL -> Success
DEBUG:root:Executing:Sequence: Offensive Strategy
DEBUG:root:Executing:Check: have_largest_fleet
DEBUG:root:Result: Check: have_largest_fleet -> Success
DEBUG:root:Executing:Action: attack_weakest_enemy_planet
DEBUG:root:Result: Action: attack_weakest_enemy_planet -> Failure
DEBUG:root:Result: Sequence: Offensive Strategy -> Failure
DEBUG:root:Result: Sequence: High Level Ordering of Strategies -> Failure
DEBUG:root:Finish turn

DEBUG:root:Executing:Sequence: High Level Ordering of Strategies
DEBUG:root:Executing:Sequence: STEAL STEAL STEAL
DEBUG:root:Executing:Check: enemy_sent_fleets
DEBUG:root:Result: Check: enemy_sent_fleets -> Success
DEBUG:root:Executing:Action: steal
DEBUG:root:Result: Action: steal -> Success
DEBUG:root:Executing:Action: steal_defend
DEBUG:root:Result: Action: steal_defend -> Success
DEBUG:root:Result: Sequence: STEAL STEAL STEAL -> Success
DEBUG:root:Executing:Sequence: Offensive Strategy
DEBUG:root:Executing:Check: have_largest_fleet
DEBUG:root:Result: Check: have_largest_fleet -> Success
DEBUG:root:Executing:Action: attack_weakest_enemy_planet
DEBUG:root:Result: Action: attack_weakest_enemy_planet -> Failure
DEBUG:root:Result: Sequence: Offensive Strategy -> Failure
DEBUG:root:Result: Sequence: High Level Ordering of Strategies -> Failure
DEBUG:root:Finish turn

DEBUG:root:Executing:Sequence: High Level Ordering of Strategies
DEBUG:root:Executing:Sequence: STEAL STEAL STEAL
DEBUG:root:Executing:Check: enemy_sent_fleets
DEBUG:root:Result: Check: enemy_sent_fleets -> Success
DEBUG:root:Executing:Action: steal
DEBUG:root:Result: Action: steal -> Success
DEBUG:root:Executing:Action: steal_defend
DEBUG:root:Result: Action: steal_defend -> Success
DEBUG:root:Result: Sequence: STEAL STEAL STEAL -> Success
DEBUG:root:Executing:Sequence: Offensive Strategy
DEBUG:root:Executing:Check: have_largest_fleet
DEBUG:root:Result: Check: have_largest_fleet -> Success
DEBUG:root:Executing:Action: attack_weakest_enemy_planet
DEBUG:root:Result: Action: attack_weakest_enemy_planet -> Failure
DEBUG:root:Result: Sequence: Offensive Strategy -> Failure
DEBUG:root:Result: Sequence: High Level Ordering of Strategies -> Failure
DEBUG:root:Finish turn

DEBUG:root:Executing:Sequence: High Level Ordering of Strategies
DEBUG:root:Executing:Sequence: STEAL STEAL STEAL
DEBUG:root:Executing:Check: enemy_sent_fleets
DEBUG:root:Result: Check: enemy_sent_fleets -> Success
DEBUG:root:Executing:Action: steal
DEBUG:root:Result: Action: steal -> Success
DEBUG:root:Executing:Action: steal_defend
DEBUG:root:Result: Action: steal_defend -> Success
DEBUG:root:Result: Sequence: STEAL STEAL STEAL -> Success
DEBUG:root:Executing:Sequence: Offensive Strategy
DEBUG:root:Executing:Check: have_largest_fleet
DEBUG:root:Result: Check: have_largest_fleet -> Success
DEBUG:root:Executing:Action: attack_weakest_enemy_planet
DEBUG:root:Result: Action: attack_weakest_enemy_planet -> Failure
DEBUG:root:Result: Sequence: Offensive Strategy -> Failure
DEBUG:root:Result: Sequence: High Level Ordering of Strategies -> Failure
DEBUG:root:Finish turn

DEBUG:root:Executing:Sequence: High Level Ordering of Strategies
DEBUG:root:Executing:Sequence: STEAL STEAL STEAL
DEBUG:root:Executing:Check: enemy_sent_fleets
DEBUG:root:Result: Check: enemy_sent_fleets -> Success
DEBUG:root:Executing:Action: steal
DEBUG:root:Result: Action: steal -> Success
DEBUG:root:Executing:Action: steal_defend
DEBUG:root:Result: Action: steal_defend -> Success
DEBUG:root:Result: Sequence: STEAL STEAL STEAL -> Success
DEBUG:root:Executing:Sequence: Offensive Strategy
DEBUG:root:Executing:Check: have_largest_fleet
DEBUG:root:Result: Check: have_largest_fleet -> Success
DEBUG:root:Executing:Action: attack_weakest_enemy_planet
DEBUG:root:Result: Action: attack_weakest_enemy_planet -> Failure
DEBUG:root:Result: Sequence: Offensive Strategy -> Failure
DEBUG:root:Result: Sequence: High Level Ordering of Strategies -> Failure
DEBUG:root:Finish turn

DEBUG:root:Executing:Sequence: High Level Ordering of Strategies
DEBUG:root:Executing:Sequence: STEAL STEAL STEAL
DEBUG:root:Executing:Check: enemy_sent_fleets
DEBUG:root:Result: Check: enemy_sent_fleets -> Success
DEBUG:root:Executing:Action: steal
DEBUG:root:Result: Action: steal -> Success
DEBUG:root:Executing:Action: steal_defend
DEBUG:root:Result: Action: steal_defend -> Success
DEBUG:root:Result: Sequence: STEAL STEAL STEAL -> Success
DEBUG:root:Executing:Sequence: Offensive Strategy
DEBUG:root:Executing:Check: have_largest_fleet
DEBUG:root:Result: Check: have_largest_fleet -> Success
DEBUG:root:Executing:Action: attack_weakest_enemy_planet
DEBUG:root:Result: Action: attack_weakest_enemy_planet -> Failure
DEBUG:root:Result: Sequence: Offensive Strategy -> Failure
DEBUG:root:Result: Sequence: High Level Ordering of Strategies -> Failure
DEBUG:root:Finish turn

DEBUG:root:Executing:Sequence: High Level Ordering of Strategies
DEBUG:root:Executing:Sequence: STEAL STEAL STEAL
DEBUG:root:Executing:Check: enemy_sent_fleets
DEBUG:root:Result: Check: enemy_sent_fleets -> Success
DEBUG:root:Executing:Action: steal
DEBUG:root:Result: Action: steal -> Success
DEBUG:root:Executing:Action: steal_defend
DEBUG:root:Result: Action: steal_defend -> Success
DEBUG:root:Result: Sequence: STEAL STEAL STEAL -> Success
DEBUG:root:Executing:Sequence: Offensive Strategy
DEBUG:root:Executing:Check: have_largest_fleet
DEBUG:root:Result: Check: have_largest_fleet -> Success
DEBUG:root:Executing:Action: attack_weakest_enemy_planet
DEBUG:root:Result: Action: attack_weakest_enemy_planet -> Failure
DEBUG:root:Result: Sequence: Offensive Strategy -> Failure
DEBUG:root:Result: Sequence: High Level Ordering of Strategies -> Failure
DEBUG:root:Finish turn

DEBUG:root:Executing:Sequence: High Level Ordering of Strategies
DEBUG:root:Executing:Sequence: STEAL STEAL STEAL
DEBUG:root:Executing:Check: enemy_sent_fleets
DEBUG:root:Result: Check: enemy_sent_fleets -> Success
DEBUG:root:Executing:Action: steal
DEBUG:root:Result: Action: steal -> Success
DEBUG:root:Executing:Action: steal_defend
DEBUG:root:Result: Action: steal_defend -> Success
DEBUG:root:Result: Sequence: STEAL STEAL STEAL -> Success
DEBUG:root:Executing:Sequence: Offensive Strategy
DEBUG:root:Executing:Check: have_largest_fleet
DEBUG:root:Result: Check: have_largest_fleet -> Success
DEBUG:root:Executing:Action: attack_weakest_enemy_planet
DEBUG:root:Result: Action: attack_weakest_enemy_planet -> Failure
DEBUG:root:Result: Sequence: Offensive Strategy -> Failure
DEBUG:root:Result: Sequence: High Level Ordering of Strategies -> Failure
DEBUG:root:Finish turn

DEBUG:root:Executing:Sequence: High Level Ordering of Strategies
DEBUG:root:Executing:Sequence: STEAL STEAL STEAL
DEBUG:root:Executing:Check: enemy_sent_fleets
DEBUG:root:Result: Check: enemy_sent_fleets -> Success
DEBUG:root:Executing:Action: steal
DEBUG:root:Result: Action: steal -> Success
DEBUG:root:Executing:Action: steal_defend
DEBUG:root:Result: Action: steal_defend -> Success
DEBUG:root:Result: Sequence: STEAL STEAL STEAL -> Success
DEBUG:root:Executing:Sequence: Offensive Strategy
DEBUG:root:Executing:Check: have_largest_fleet
DEBUG:root:Result: Check: have_largest_fleet -> Success
DEBUG:root:Executing:Action: attack_weakest_enemy_planet
DEBUG:root:Result: Action: attack_weakest_enemy_planet -> Failure
DEBUG:root:Result: Sequence: Offensive Strategy -> Failure
DEBUG:root:Result: Sequence: High Level Ordering of Strategies -> Failure
DEBUG:root:Finish turn

DEBUG:root:Executing:Sequence: High Level Ordering of Strategies
DEBUG:root:Executing:Sequence: STEAL STEAL STEAL
DEBUG:root:Executing:Check: enemy_sent_fleets
DEBUG:root:Result: Check: enemy_sent_fleets -> Success
DEBUG:root:Executing:Action: steal
DEBUG:root:Result: Action: steal -> Success
DEBUG:root:Executing:Action: steal_defend
DEBUG:root:Result: Action: steal_defend -> Success
DEBUG:root:Result: Sequence: STEAL STEAL STEAL -> Success
DEBUG:root:Executing:Sequence: Offensive Strategy
DEBUG:root:Executing:Check: have_largest_fleet
DEBUG:root:Result: Check: have_largest_fleet -> Success
DEBUG:root:Executing:Action: attack_weakest_enemy_planet
DEBUG:root:Result: Action: attack_weakest_enemy_planet -> Failure
DEBUG:root:Result: Sequence: Offensive Strategy -> Failure
DEBUG:root:Result: Sequence: High Level Ordering of Strategies -> Failure
DEBUG:root:Finish turn

DEBUG:root:Executing:Sequence: High Level Ordering of Strategies
DEBUG:root:Executing:Sequence: STEAL STEAL STEAL
DEBUG:root:Executing:Check: enemy_sent_fleets
DEBUG:root:Result: Check: enemy_sent_fleets -> Success
DEBUG:root:Executing:Action: steal
DEBUG:root:Result: Action: steal -> Success
DEBUG:root:Executing:Action: steal_defend
DEBUG:root:Result: Action: steal_defend -> Success
DEBUG:root:Result: Sequence: STEAL STEAL STEAL -> Success
DEBUG:root:Executing:Sequence: Offensive Strategy
DEBUG:root:Executing:Check: have_largest_fleet
DEBUG:root:Result: Check: have_largest_fleet -> Success
DEBUG:root:Executing:Action: attack_weakest_enemy_planet
DEBUG:root:Result: Action: attack_weakest_enemy_planet -> Failure
DEBUG:root:Result: Sequence: Offensive Strategy -> Failure
DEBUG:root:Result: Sequence: High Level Ordering of Strategies -> Failure
DEBUG:root:Finish turn

